2019-08-29 16:53:41,983  INFO [main] TestBase:68 - Launching Chrome Browser
2019-08-29 16:53:51,177  INFO [main] TestBase:87 - Entering application URL
2019-08-29 16:53:51,209  INFO [main] TestBase:31 - ----------------Starting Test Case-----------------
2019-08-29 16:53:54,592  INFO [main] TestBase:68 - Launching Chrome Browser
2019-08-29 16:54:03,392  INFO [main] TestBase:87 - Entering application URL
2019-08-29 16:54:06,917  INFO [main] TestBase:68 - Launching Chrome Browser
2019-08-29 16:54:16,849  INFO [main] TestBase:87 - Entering application URL
2019-08-29 17:03:43,031  INFO [main] TestBase:67 - Launching Chrome Browser
2019-08-29 17:03:50,217  INFO [main] TestBase:86 - Entering application URL
2019-08-29 17:03:50,248  INFO [main] TestBase:31 - ----------------Starting Test Case-----------------
2019-08-29 17:03:54,063  INFO [main] TestBase:67 - Launching Chrome Browser
2019-08-29 17:04:02,776  INFO [main] TestBase:86 - Entering application URL
2019-08-29 17:04:06,300  INFO [main] TestBase:67 - Launching Chrome Browser
2019-08-29 17:04:15,497  INFO [main] TestBase:86 - Entering application URL
2019-08-29 18:15:42,593  INFO [main] TestBase:67 - Launching Chrome Browser
2019-08-29 18:15:59,550  INFO [main] TestBase:86 - Entering application URL
2019-08-29 18:15:59,592  INFO [main] TestBase:31 - ----------------Starting Test Case-----------------
2019-08-29 18:16:03,294  INFO [main] TestBase:67 - Launching Chrome Browser
2019-08-29 18:16:11,571  INFO [main] TestBase:86 - Entering application URL
2019-08-29 18:16:23,155  INFO [main] TestBase:67 - Launching Chrome Browser
2019-08-29 18:16:30,261  INFO [main] TestBase:86 - Entering application URL
2019-08-29 18:16:52,964  INFO [main] TestBase:67 - Launching Chrome Browser
2019-08-29 18:16:59,978  INFO [main] TestBase:86 - Entering application URL
2019-08-29 18:17:03,612  INFO [main] TestBase:67 - Launching Chrome Browser
2019-08-29 18:17:10,199  INFO [main] TestBase:86 - Entering application URL
2019-08-29 18:17:22,116  INFO [main] TestBase:67 - Launching Chrome Browser
2019-08-29 18:17:31,959  INFO [main] TestBase:86 - Entering application URL
2019-08-29 18:17:48,885  INFO [main] TestBase:67 - Launching Chrome Browser
2019-08-29 18:17:54,960  INFO [main] TestBase:86 - Entering application URL
2019-08-29 18:18:19,394  INFO [main] TestBase:67 - Launching Chrome Browser
2019-08-29 18:18:26,566  INFO [main] TestBase:86 - Entering application URL
2019-08-29 18:18:43,235  INFO [main] TestBase:67 - Launching Chrome Browser
2019-08-29 18:18:53,061  INFO [main] TestBase:86 - Entering application URL
2019-08-29 18:19:07,857  INFO [main] TestBase:67 - Launching Chrome Browser
2019-08-29 18:19:15,329  INFO [main] TestBase:86 - Entering application URL
2019-08-29 18:19:24,648 DEBUG [main] cache:45 - Couldn't find template in cache for "Extent.ftl"("en_US", UTF-8, parsed); will try to load it.
2019-08-29 18:19:24,650 DEBUG [main] cache:45 - TemplateLoader.findTemplateSource("Extent_en_US.ftl"): Not found
2019-08-29 18:19:24,656 DEBUG [main] cache:45 - TemplateLoader.findTemplateSource("Extent_en.ftl"): Not found
2019-08-29 18:19:24,657 DEBUG [main] cache:45 - TemplateLoader.findTemplateSource("Extent.ftl"): Found
2019-08-29 18:19:24,658 DEBUG [main] cache:45 - Loading template for "Extent.ftl"("en_US", UTF-8, parsed) from "jar:file:/C:/Users/dell/.m2/repository/com/relevantcodes/extentreports/2.41.2/extentreports-2.41.2.jar!/com/relevantcodes/extentreports/view/Extent.ftl"
2019-08-29 18:19:24,971 DEBUG [main] cache:45 - Couldn't find template in cache for "Extent.ftl"("en_US", UTF-8, parsed); will try to load it.
2019-08-29 18:19:24,971 DEBUG [main] cache:45 - TemplateLoader.findTemplateSource("Extent_en_US.ftl"): Not found
2019-08-29 18:19:24,972 DEBUG [main] cache:45 - TemplateLoader.findTemplateSource("Extent_en.ftl"): Not found
2019-08-29 18:19:24,972 DEBUG [main] cache:45 - TemplateLoader.findTemplateSource("Extent.ftl"): Found
2019-08-29 18:19:24,973 DEBUG [main] cache:45 - Loading template for "Extent.ftl"("en_US", UTF-8, parsed) from "jar:file:/C:/Users/dell/.m2/repository/com/relevantcodes/extentreports/2.41.2/extentreports-2.41.2.jar!/com/relevantcodes/extentreports/view/Extent.ftl"
2019-08-30 18:26:15,841  INFO [main] TestBase:67 - Launching Chrome Browser
2019-08-30 18:26:23,925  INFO [main] TestBase:86 - Entering application URL
2019-08-30 18:26:53,471  INFO [main] TestBase:67 - Launching Chrome Browser
2019-08-30 18:27:01,451  INFO [main] TestBase:86 - Entering application URL
2019-08-30 18:27:47,291  INFO [main] TestBase:67 - Launching Chrome Browser
2019-08-30 18:27:54,375  INFO [main] TestBase:86 - Entering application URL
2019-08-30 18:28:09,481  INFO [main] TestBase:67 - Launching Chrome Browser
2019-08-30 18:28:15,861  INFO [main] TestBase:86 - Entering application URL
2019-08-30 18:32:03,401  INFO [main] TestBase:67 - Launching Chrome Browser
2019-08-30 18:32:11,025  INFO [main] TestBase:86 - Entering application URL
2019-08-30 18:32:11,051  INFO [main] TestBase:31 - ----------------Starting Test Case-----------------
2019-08-30 18:32:14,531  INFO [main] TestBase:67 - Launching Chrome Browser
2019-08-30 18:32:21,804  INFO [main] TestBase:86 - Entering application URL
2019-08-30 18:32:39,419  INFO [main] TestBase:67 - Launching Chrome Browser
2019-08-30 18:32:47,594  INFO [main] TestBase:86 - Entering application URL
2019-08-30 18:33:01,020  INFO [main] TestBase:67 - Launching Chrome Browser
2019-08-30 18:33:09,067  INFO [main] TestBase:86 - Entering application URL
2019-08-30 18:33:12,738  INFO [main] TestBase:67 - Launching Chrome Browser
2019-08-30 18:33:20,878  INFO [main] TestBase:86 - Entering application URL
2019-08-30 18:33:38,565  INFO [main] TestBase:67 - Launching Chrome Browser
2019-08-30 18:33:46,114  INFO [main] TestBase:86 - Entering application URL
2019-08-30 18:34:08,241  INFO [main] TestBase:67 - Launching Chrome Browser
2019-08-30 18:34:17,929  INFO [main] TestBase:86 - Entering application URL
2019-08-30 18:34:54,099  INFO [main] TestBase:67 - Launching Chrome Browser
2019-08-30 18:35:01,266  INFO [main] TestBase:86 - Entering application URL
2019-08-30 18:35:18,541  INFO [main] TestBase:67 - Launching Chrome Browser
2019-08-30 18:35:25,100  INFO [main] TestBase:86 - Entering application URL
2019-08-30 18:35:35,030  INFO [main] TestBase:67 - Launching Chrome Browser
2019-08-30 18:35:41,479  INFO [main] TestBase:86 - Entering application URL
2019-08-30 18:35:48,775 DEBUG [main] cache:45 - Couldn't find template in cache for "Extent.ftl"("en_US", UTF-8, parsed); will try to load it.
2019-08-30 18:35:48,777 DEBUG [main] cache:45 - TemplateLoader.findTemplateSource("Extent_en_US.ftl"): Not found
2019-08-30 18:35:48,782 DEBUG [main] cache:45 - TemplateLoader.findTemplateSource("Extent_en.ftl"): Not found
2019-08-30 18:35:48,783 DEBUG [main] cache:45 - TemplateLoader.findTemplateSource("Extent.ftl"): Found
2019-08-30 18:35:48,783 DEBUG [main] cache:45 - Loading template for "Extent.ftl"("en_US", UTF-8, parsed) from "jar:file:/C:/Users/dell/.m2/repository/com/relevantcodes/extentreports/2.41.2/extentreports-2.41.2.jar!/com/relevantcodes/extentreports/view/Extent.ftl"
2019-08-30 18:35:49,129 DEBUG [main] cache:45 - Couldn't find template in cache for "Extent.ftl"("en_US", UTF-8, parsed); will try to load it.
2019-08-30 18:35:49,129 DEBUG [main] cache:45 - TemplateLoader.findTemplateSource("Extent_en_US.ftl"): Not found
2019-08-30 18:35:49,129 DEBUG [main] cache:45 - TemplateLoader.findTemplateSource("Extent_en.ftl"): Not found
2019-08-30 18:35:49,130 DEBUG [main] cache:45 - TemplateLoader.findTemplateSource("Extent.ftl"): Found
2019-08-30 18:35:49,130 DEBUG [main] cache:45 - Loading template for "Extent.ftl"("en_US", UTF-8, parsed) from "jar:file:/C:/Users/dell/.m2/repository/com/relevantcodes/extentreports/2.41.2/extentreports-2.41.2.jar!/com/relevantcodes/extentreports/view/Extent.ftl"
2019-08-30 18:43:28,935  INFO [main] TestBase:67 - Launching Chrome Browser
2019-08-30 18:43:36,409  INFO [main] TestBase:86 - Entering application URL
2019-08-30 18:43:36,441  INFO [main] TestBase:31 - ----------------Starting Test Case-----------------
2019-08-30 18:43:40,173  INFO [main] TestBase:67 - Launching Chrome Browser
2019-08-30 18:43:46,678  INFO [main] TestBase:86 - Entering application URL
2019-08-30 18:43:55,529  INFO [main] TestBase:67 - Launching Chrome Browser
2019-08-30 18:44:03,541  INFO [main] TestBase:86 - Entering application URL
2019-08-30 18:44:17,953  INFO [main] TestBase:67 - Launching Chrome Browser
2019-08-30 18:44:24,425  INFO [main] TestBase:86 - Entering application URL
2019-08-30 18:44:27,848  INFO [main] TestBase:67 - Launching Chrome Browser
2019-08-30 18:44:34,358  INFO [main] TestBase:86 - Entering application URL
2019-08-30 18:44:43,714  INFO [main] TestBase:67 - Launching Chrome Browser
2019-08-30 18:44:51,511  INFO [main] TestBase:86 - Entering application URL
2019-08-30 18:45:09,635  INFO [main] TestBase:67 - Launching Chrome Browser
2019-08-30 18:45:16,763  INFO [main] TestBase:86 - Entering application URL
2019-08-30 18:45:35,223  INFO [main] TestBase:67 - Launching Chrome Browser
2019-08-30 18:45:41,847  INFO [main] TestBase:86 - Entering application URL
2019-08-30 18:46:02,453  INFO [main] TestBase:67 - Launching Chrome Browser
2019-08-30 18:46:11,985  INFO [main] TestBase:86 - Entering application URL
2019-08-30 18:46:24,281  INFO [main] TestBase:67 - Launching Chrome Browser
2019-08-30 18:46:31,808  INFO [main] TestBase:86 - Entering application URL
